2017-08-09 11:45:39,568 INFO o.a.j.u.JMeterUtils: Setting Locale to en_US
2017-08-09 11:45:39,638 INFO o.a.j.JMeter: Loading user properties from: user.properties
2017-08-09 11:45:39,639 INFO o.a.j.JMeter: Loading system properties from: system.properties
2017-08-09 11:45:39,654 INFO o.a.j.JMeter: Setting JMeter property: jmeter.save.saveservice.output_format=csv
2017-08-09 11:45:39,654 INFO o.a.j.JMeter: Setting JMeter property: jmeter.save.saveservice.assertion_results=all
2017-08-09 11:45:39,654 INFO o.a.j.JMeter: Setting JMeter property: jmeter.save.saveservice.thread_counts=true
2017-08-09 11:45:39,655 INFO o.a.j.JMeter: Setting JMeter property: jmeter.save.saveservice.bytes=true
2017-08-09 11:45:39,655 INFO o.a.j.JMeter: Setting JMeter property: jmeter.save.saveservice.response_data.on_error=true
2017-08-09 11:45:39,655 INFO o.a.j.JMeter: Setting JMeter property: threadgroup.count=1
2017-08-09 11:45:39,655 INFO o.a.j.JMeter: Setting JMeter property: threadgroup.rampup=1
2017-08-09 11:45:39,655 INFO o.a.j.JMeter: Setting JMeter property: threadgroup.number=1
2017-08-09 11:45:39,655 INFO o.a.j.JMeter: Setting JMeter property: testuser.firstname=aniket
2017-08-09 11:45:39,655 INFO o.a.j.JMeter: Setting JMeter property: testuser.lastname=savanand
2017-08-09 11:45:39,655 INFO o.a.j.JMeter: Setting JMeter property: testuser.email=aniket.sjsu@gmail.com
2017-08-09 11:45:39,655 INFO o.a.j.JMeter: Setting JMeter property: testuser.password=secret123
2017-08-09 11:45:39,657 INFO o.a.j.JMeter: Setting JMeter property: testuser.zipcode=95112
2017-08-09 11:45:39,657 INFO o.a.j.JMeter: Setting JMeter property: testuser.username=aniket.sjsu@gmail.com
2017-08-09 11:45:39,657 INFO o.a.j.JMeter: Setting JMeter property: testserver.host=localhost
2017-08-09 11:45:39,657 INFO o.a.j.JMeter: Setting JMeter property: testserver.port=8888
2017-08-09 11:45:39,657 INFO o.a.j.JMeter: Setting JMeter property: testurl.register=/api/register
2017-08-09 11:45:39,657 INFO o.a.j.JMeter: Setting JMeter property: testurl.auth=/api/authenticate
2017-08-09 11:45:39,695 INFO o.a.j.JMeter: Copyright (c) 1998-2017 The Apache Software Foundation
2017-08-09 11:45:39,695 INFO o.a.j.JMeter: Version 3.2 r1790748
2017-08-09 11:45:39,695 INFO o.a.j.JMeter: java.version=1.8.0_144
2017-08-09 11:45:39,695 INFO o.a.j.JMeter: java.vm.name=Java HotSpot(TM) 64-Bit Server VM
2017-08-09 11:45:39,695 INFO o.a.j.JMeter: os.name=Linux
2017-08-09 11:45:39,695 INFO o.a.j.JMeter: os.arch=amd64
2017-08-09 11:45:39,695 INFO o.a.j.JMeter: os.version=4.4.0-31-generic
2017-08-09 11:45:39,695 INFO o.a.j.JMeter: file.encoding=UTF-8
2017-08-09 11:45:39,696 INFO o.a.j.JMeter: Max memory     =5189795840
2017-08-09 11:45:39,696 INFO o.a.j.JMeter: Available Processors =1
2017-08-09 11:45:39,722 INFO o.a.j.JMeter: Default Locale=English (United States)
2017-08-09 11:45:39,723 INFO o.a.j.JMeter: JMeter  Locale=English (United States)
2017-08-09 11:45:39,723 INFO o.a.j.JMeter: JMeterHome=/home/aniket/Downloads/apache-jmeter-3.2
2017-08-09 11:45:39,723 INFO o.a.j.JMeter: user.dir  =/home/aniket/Downloads/apache-jmeter-3.2/bin
2017-08-09 11:45:39,723 INFO o.a.j.JMeter: PWD       =/home/aniket/Downloads/apache-jmeter-3.2/bin
2017-08-09 11:45:39,724 INFO o.a.j.JMeter: IP: 127.0.1.1 Name: ubuntu FullName: ubuntu
2017-08-09 11:45:39,729 INFO o.a.j.s.FileServer: Default base='/home/aniket/Downloads/apache-jmeter-3.2/bin'
2017-08-09 11:45:39,729 INFO o.a.j.s.FileServer: Set new base='/home/aniket/Downloads/Ant_jmeter_project/test'
2017-08-09 11:45:40,196 INFO o.a.j.s.SaveService: Testplan (JMX) version: 2.2. Testlog (JTL) version: 2.2
2017-08-09 11:45:40,355 INFO o.a.j.s.SaveService: Using SaveService properties file encoding UTF-8
2017-08-09 11:45:40,400 INFO o.a.j.s.SaveService: Using SaveService properties version 3.2
2017-08-09 11:45:40,418 INFO o.a.j.s.SaveService: Loading file: /home/aniket/Downloads/Ant_jmeter_project/test/Test.jmx
2017-08-09 11:45:40,658 INFO o.a.j.p.h.s.HTTPSamplerBase: Parser for text/html is org.apache.jmeter.protocol.http.parser.LagartoBasedHtmlParser
2017-08-09 11:45:40,659 INFO o.a.j.p.h.s.HTTPSamplerBase: Parser for application/xhtml+xml is org.apache.jmeter.protocol.http.parser.LagartoBasedHtmlParser
2017-08-09 11:45:40,659 INFO o.a.j.p.h.s.HTTPSamplerBase: Parser for application/xml is org.apache.jmeter.protocol.http.parser.LagartoBasedHtmlParser
2017-08-09 11:45:40,659 INFO o.a.j.p.h.s.HTTPSamplerBase: Parser for text/xml is org.apache.jmeter.protocol.http.parser.LagartoBasedHtmlParser
2017-08-09 11:45:40,659 INFO o.a.j.p.h.s.HTTPSamplerBase: Parser for text/vnd.wap.wml is org.apache.jmeter.protocol.http.parser.RegexpHTMLParser
2017-08-09 11:45:40,659 INFO o.a.j.p.h.s.HTTPSamplerBase: Parser for text/css is org.apache.jmeter.protocol.http.parser.CssParser
2017-08-09 11:45:40,888 INFO o.a.j.JMeter: Creating summariser <summary>
2017-08-09 11:45:40,903 INFO o.a.j.e.StandardJMeterEngine: Running the test!
2017-08-09 11:45:40,918 INFO o.a.j.s.SampleEvent: List of sample_variables: []
2017-08-09 11:45:40,918 INFO o.a.j.s.SampleEvent: List of sample_variables: []
2017-08-09 11:45:40,934 INFO o.a.j.e.u.CompoundVariable: Note: Function class names must contain the string: '.functions.'
2017-08-09 11:45:40,938 INFO o.a.j.e.u.CompoundVariable: Note: Function class names must not contain the string: '.gui.'
2017-08-09 11:45:44,280 INFO o.a.j.JMeter: Running test (1502304344280)
2017-08-09 11:45:44,341 INFO o.a.j.e.StandardJMeterEngine: Starting ThreadGroup: 1 : Number of Users
2017-08-09 11:45:44,342 INFO o.a.j.e.StandardJMeterEngine: Starting 1 threads for group Number of Users.
2017-08-09 11:45:44,342 INFO o.a.j.e.StandardJMeterEngine: Thread will continue on error
2017-08-09 11:45:44,342 INFO o.a.j.t.ThreadGroup: Starting thread group... number=1 threads=1 ramp-up=1 perThread=1000.0 delayedStart=false
2017-08-09 11:45:44,351 INFO o.a.j.t.ThreadGroup: Started thread group number 1
2017-08-09 11:45:44,357 INFO o.a.j.e.StandardJMeterEngine: All thread groups have been started
2017-08-09 11:45:44,372 INFO o.a.j.t.JMeterThread: Thread started: Number of Users 1-1
2017-08-09 11:45:44,506 INFO o.a.j.p.h.s.HTTPHCAbstractImpl: Local host = ubuntu
2017-08-09 11:45:44,534 INFO o.a.j.p.h.s.HTTPHC4Impl: HTTP request retry count = 0
2017-08-09 11:45:44,557 INFO o.a.j.s.SampleResult: Note: Sample TimeStamps are START times
2017-08-09 11:45:44,557 INFO o.a.j.s.SampleResult: sampleresult.default.encoding is set to ISO-8859-1
2017-08-09 11:45:44,565 INFO o.a.j.s.SampleResult: sampleresult.useNanoTime=true
2017-08-09 11:45:44,565 INFO o.a.j.s.SampleResult: sampleresult.nanoThreadSleep=5000
2017-08-09 11:45:46,270 ERROR o.a.j.e.JSR223PostProcessor: Problem in JSR223 script, JSR223 PostProcessor
javax.script.ScriptException: javax.script.ScriptException: groovy.json.JsonException: Unable to determine the current character, it is not a string, number, array, or object

The current character read is 'j' with an int value of 106
Unable to determine the current character, it is not a string, number, array, or object
line number 1
index number 0
java.net.ConnectException: Connection refused (Connection refused)
^
	at org.codehaus.groovy.jsr223.GroovyScriptEngineImpl.eval(GroovyScriptEngineImpl.java:158) ~[groovy-all-2.4.10.jar:2.4.10]
	at javax.script.AbstractScriptEngine.eval(AbstractScriptEngine.java:233) ~[?:1.8.0_144]
	at org.apache.jmeter.util.JSR223TestElement.processFileOrScript(JSR223TestElement.java:222) ~[ApacheJMeter_core.jar:3.2 r1790748]
	at org.apache.jmeter.extractor.JSR223PostProcessor.process(JSR223PostProcessor.java:42) [ApacheJMeter_components.jar:3.2 r1790748]
	at org.apache.jmeter.threads.JMeterThread.runPostProcessors(JMeterThread.java:827) [ApacheJMeter_core.jar:3.2 r1790748]
	at org.apache.jmeter.threads.JMeterThread.executeSamplePackage(JMeterThread.java:517) [ApacheJMeter_core.jar:3.2 r1790748]
	at org.apache.jmeter.threads.JMeterThread.processSampler(JMeterThread.java:425) [ApacheJMeter_core.jar:3.2 r1790748]
	at org.apache.jmeter.threads.JMeterThread.run(JMeterThread.java:254) [ApacheJMeter_core.jar:3.2 r1790748]
	at java.lang.Thread.run(Thread.java:748) [?:1.8.0_144]
Caused by: javax.script.ScriptException: groovy.json.JsonException: Unable to determine the current character, it is not a string, number, array, or object

The current character read is 'j' with an int value of 106
Unable to determine the current character, it is not a string, number, array, or object
line number 1
index number 0
java.net.ConnectException: Connection refused (Connection refused)
^
	at org.codehaus.groovy.jsr223.GroovyScriptEngineImpl.eval(GroovyScriptEngineImpl.java:320) ~[groovy-all-2.4.10.jar:2.4.10]
	at org.codehaus.groovy.jsr223.GroovyScriptEngineImpl.eval(GroovyScriptEngineImpl.java:155) ~[groovy-all-2.4.10.jar:2.4.10]
	... 8 more
Caused by: groovy.json.JsonException: Unable to determine the current character, it is not a string, number, array, or object

The current character read is 'j' with an int value of 106
Unable to determine the current character, it is not a string, number, array, or object
line number 1
index number 0
java.net.ConnectException: Connection refused (Connection refused)
^
	at groovy.json.internal.JsonParserCharArray.decodeValueInternal(JsonParserCharArray.java:206) ~[groovy-all-2.4.10.jar:2.4.10]
	at groovy.json.internal.JsonParserCharArray.decodeValue(JsonParserCharArray.java:157) ~[groovy-all-2.4.10.jar:2.4.10]
	at groovy.json.internal.JsonParserCharArray.decodeFromChars(JsonParserCharArray.java:46) ~[groovy-all-2.4.10.jar:2.4.10]
	at groovy.json.internal.JsonParserCharArray.parse(JsonParserCharArray.java:384) ~[groovy-all-2.4.10.jar:2.4.10]
	at groovy.json.internal.BaseJsonParser.parse(BaseJsonParser.java:107) ~[groovy-all-2.4.10.jar:2.4.10]
	at groovy.json.JsonSlurper.parseText(JsonSlurper.java:205) ~[groovy-all-2.4.10.jar:2.4.10]
	at groovy.json.JsonSlurper$parseText.call(Unknown Source) ~[?:?]
	at org.codehaus.groovy.runtime.callsite.CallSiteArray.defaultCall(CallSiteArray.java:48) ~[groovy-all-2.4.10.jar:2.4.10]
	at org.codehaus.groovy.runtime.callsite.AbstractCallSite.call(AbstractCallSite.java:113) ~[groovy-all-2.4.10.jar:2.4.10]
	at org.codehaus.groovy.runtime.callsite.AbstractCallSite.call(AbstractCallSite.java:125) ~[groovy-all-2.4.10.jar:2.4.10]
	at Script1.run(Script1.groovy:4) ~[?:?]
	at org.codehaus.groovy.jsr223.GroovyScriptEngineImpl.eval(GroovyScriptEngineImpl.java:317) ~[groovy-all-2.4.10.jar:2.4.10]
	at org.codehaus.groovy.jsr223.GroovyScriptEngineImpl.eval(GroovyScriptEngineImpl.java:155) ~[groovy-all-2.4.10.jar:2.4.10]
	... 8 more
2017-08-09 11:45:46,676 ERROR o.a.j.e.JSR223PostProcessor: Problem in JSR223 script, JSR223 PostProcessor
javax.script.ScriptException: org.codehaus.groovy.control.MultipleCompilationErrorsException: startup failed:
Script2.groovy: 1: unable to resolve class JsonSlurper 
 @ line 1, column 19.
   def jsonSlurper = new JsonSlurper();
                     ^

1 error

	at org.codehaus.groovy.jsr223.GroovyScriptEngineImpl.eval(GroovyScriptEngineImpl.java:158) ~[groovy-all-2.4.10.jar:2.4.10]
	at javax.script.AbstractScriptEngine.eval(AbstractScriptEngine.java:233) ~[?:1.8.0_144]
	at org.apache.jmeter.util.JSR223TestElement.processFileOrScript(JSR223TestElement.java:222) ~[ApacheJMeter_core.jar:3.2 r1790748]
	at org.apache.jmeter.extractor.JSR223PostProcessor.process(JSR223PostProcessor.java:42) [ApacheJMeter_components.jar:3.2 r1790748]
	at org.apache.jmeter.threads.JMeterThread.runPostProcessors(JMeterThread.java:827) [ApacheJMeter_core.jar:3.2 r1790748]
	at org.apache.jmeter.threads.JMeterThread.executeSamplePackage(JMeterThread.java:517) [ApacheJMeter_core.jar:3.2 r1790748]
	at org.apache.jmeter.threads.JMeterThread.processSampler(JMeterThread.java:425) [ApacheJMeter_core.jar:3.2 r1790748]
	at org.apache.jmeter.threads.JMeterThread.run(JMeterThread.java:254) [ApacheJMeter_core.jar:3.2 r1790748]
	at java.lang.Thread.run(Thread.java:748) [?:1.8.0_144]
Caused by: org.codehaus.groovy.control.MultipleCompilationErrorsException: startup failed:
Script2.groovy: 1: unable to resolve class JsonSlurper 
 @ line 1, column 19.
   def jsonSlurper = new JsonSlurper();
                     ^

1 error

	at org.codehaus.groovy.control.ErrorCollector.failIfErrors(ErrorCollector.java:310) ~[groovy-all-2.4.10.jar:2.4.10]
	at org.codehaus.groovy.control.CompilationUnit.applyToSourceUnits(CompilationUnit.java:958) ~[groovy-all-2.4.10.jar:2.4.10]
	at org.codehaus.groovy.control.CompilationUnit.doPhaseOperation(CompilationUnit.java:605) ~[groovy-all-2.4.10.jar:2.4.10]
	at org.codehaus.groovy.control.CompilationUnit.compile(CompilationUnit.java:554) ~[groovy-all-2.4.10.jar:2.4.10]
	at groovy.lang.GroovyClassLoader.doParseClass(GroovyClassLoader.java:298) ~[groovy-all-2.4.10.jar:2.4.10]
	at groovy.lang.GroovyClassLoader.parseClass(GroovyClassLoader.java:268) ~[groovy-all-2.4.10.jar:2.4.10]
	at groovy.lang.GroovyClassLoader.parseClass(GroovyClassLoader.java:254) ~[groovy-all-2.4.10.jar:2.4.10]
	at groovy.lang.GroovyClassLoader.parseClass(GroovyClassLoader.java:211) ~[groovy-all-2.4.10.jar:2.4.10]
	at org.codehaus.groovy.jsr223.GroovyScriptEngineImpl.getScriptClass(GroovyScriptEngineImpl.java:331) ~[groovy-all-2.4.10.jar:2.4.10]
	at org.codehaus.groovy.jsr223.GroovyScriptEngineImpl.eval(GroovyScriptEngineImpl.java:153) ~[groovy-all-2.4.10.jar:2.4.10]
	... 8 more
2017-08-09 11:45:46,677 INFO o.a.j.t.JMeterThread: Thread is done: Number of Users 1-1
2017-08-09 11:45:46,678 INFO o.a.j.t.JMeterThread: Thread finished: Number of Users 1-1
2017-08-09 11:45:46,679 INFO o.a.j.e.StandardJMeterEngine: Notifying test listeners of end of test
2017-08-09 11:45:46,680 INFO o.a.j.r.Summariser: summary =      2 in 00:00:02 =    0.8/s Avg:   132 Min:     3 Max:   261 Err:     2 (100.00%)
